<?xml version="1.0" encoding="UTF-8"?>
<testsuite xmlns:xsi="http://www.w3.org/2001/XMLSchema-instance" xsi:noNamespaceSchemaLocation="https://maven.apache.org/surefire/maven-surefire-plugin/xsd/surefire-test-report.xsd" name="com.excilys.computerDatabase.AppTest" time="0.079" tests="1" errors="0" skipped="0" failures="0">
  <properties>
    <property name="sun.desktop" value="gnome"/>
    <property name="awt.toolkit" value="sun.awt.X11.XToolkit"/>
    <property name="file.encoding.pkg" value="sun.io"/>
    <property name="java.specification.version" value="1.8"/>
    <property name="sun.cpu.isalist" value=""/>
    <property name="sun.jnu.encoding" value="UTF-8"/>
    <property name="java.class.path" value="/home/s/eclipse-workspace/test-multiModule/computerDatabase/binding/target/test-classes:/home/s/eclipse-workspace/test-multiModule/computerDatabase/binding/target/classes:/home/s/.m2/repository/junit/junit/4.11/junit-4.11.jar:/home/s/.m2/repository/org/hamcrest/hamcrest-core/1.3/hamcrest-core-1.3.jar:/home/s/eclipse-workspace/test-multiModule/computerDatabase/core/target/core-1.0-SNAPSHOT.jar:/home/s/.m2/repository/org/hibernate/hibernate-core/5.4.18.Final/hibernate-core-5.4.18.Final.jar:/home/s/.m2/repository/org/jboss/logging/jboss-logging/3.3.2.Final/jboss-logging-3.3.2.Final.jar:/home/s/.m2/repository/javax/persistence/javax.persistence-api/2.2/javax.persistence-api-2.2.jar:/home/s/.m2/repository/org/javassist/javassist/3.24.0-GA/javassist-3.24.0-GA.jar:/home/s/.m2/repository/net/bytebuddy/byte-buddy/1.10.10/byte-buddy-1.10.10.jar:/home/s/.m2/repository/antlr/antlr/2.7.7/antlr-2.7.7.jar:/home/s/.m2/repository/org/jboss/spec/javax/transaction/jboss-transaction-api_1.2_spec/1.1.1.Final/jboss-transaction-api_1.2_spec-1.1.1.Final.jar:/home/s/.m2/repository/org/jboss/jandex/2.1.3.Final/jandex-2.1.3.Final.jar:/home/s/.m2/repository/com/fasterxml/classmate/1.5.1/classmate-1.5.1.jar:/home/s/.m2/repository/javax/activation/javax.activation-api/1.2.0/javax.activation-api-1.2.0.jar:/home/s/.m2/repository/org/dom4j/dom4j/2.1.3/dom4j-2.1.3.jar:/home/s/.m2/repository/org/hibernate/common/hibernate-commons-annotations/5.1.0.Final/hibernate-commons-annotations-5.1.0.Final.jar:/home/s/.m2/repository/javax/xml/bind/jaxb-api/2.3.1/jaxb-api-2.3.1.jar:/home/s/.m2/repository/org/glassfish/jaxb/jaxb-runtime/2.3.1/jaxb-runtime-2.3.1.jar:/home/s/.m2/repository/org/glassfish/jaxb/txw2/2.3.1/txw2-2.3.1.jar:/home/s/.m2/repository/com/sun/istack/istack-commons-runtime/3.0.7/istack-commons-runtime-3.0.7.jar:/home/s/.m2/repository/org/jvnet/staxex/stax-ex/1.8/stax-ex-1.8.jar:/home/s/.m2/repository/com/sun/xml/fastinfoset/FastInfoset/1.2.15/FastInfoset-1.2.15.jar:/home/s/.m2/repository/org/slf4j/slf4j-simple/1.7.30/slf4j-simple-1.7.30.jar:/home/s/.m2/repository/org/slf4j/slf4j-api/1.7.30/slf4j-api-1.7.30.jar:/home/s/.m2/repository/javax/servlet/javax.servlet-api/4.0.1/javax.servlet-api-4.0.1.jar:/home/s/.m2/repository/org/apache/maven/plugins/maven-checkstyle-plugin/3.1.1/maven-checkstyle-plugin-3.1.1.jar:/home/s/.m2/repository/org/apache/maven/maven-artifact/3.0/maven-artifact-3.0.jar:/home/s/.m2/repository/org/apache/maven/maven-core/3.0/maven-core-3.0.jar:/home/s/.m2/repository/org/apache/maven/maven-settings/3.0/maven-settings-3.0.jar:/home/s/.m2/repository/org/apache/maven/maven-settings-builder/3.0/maven-settings-builder-3.0.jar:/home/s/.m2/repository/org/apache/maven/maven-repository-metadata/3.0/maven-repository-metadata-3.0.jar:/home/s/.m2/repository/org/apache/maven/maven-model-builder/3.0/maven-model-builder-3.0.jar:/home/s/.m2/repository/org/apache/maven/maven-aether-provider/3.0/maven-aether-provider-3.0.jar:/home/s/.m2/repository/org/sonatype/aether/aether-impl/1.7/aether-impl-1.7.jar:/home/s/.m2/repository/org/sonatype/aether/aether-spi/1.7/aether-spi-1.7.jar:/home/s/.m2/repository/org/sonatype/aether/aether-api/1.7/aether-api-1.7.jar:/home/s/.m2/repository/org/sonatype/aether/aether-util/1.7/aether-util-1.7.jar:/home/s/.m2/repository/org/sonatype/sisu/sisu-inject-plexus/1.4.2/sisu-inject-plexus-1.4.2.jar:/home/s/.m2/repository/org/sonatype/sisu/sisu-inject-bean/1.4.2/sisu-inject-bean-1.4.2.jar:/home/s/.m2/repository/org/sonatype/sisu/sisu-guice/2.1.7/sisu-guice-2.1.7-noaop.jar:/home/s/.m2/repository/org/codehaus/plexus/plexus-classworlds/2.2.3/plexus-classworlds-2.2.3.jar:/home/s/.m2/repository/org/sonatype/plexus/plexus-sec-dispatcher/1.3/plexus-sec-dispatcher-1.3.jar:/home/s/.m2/repository/org/sonatype/plexus/plexus-cipher/1.4/plexus-cipher-1.4.jar:/home/s/.m2/repository/org/apache/maven/maven-model/3.0/maven-model-3.0.jar:/home/s/.m2/repository/org/apache/maven/maven-plugin-api/3.0/maven-plugin-api-3.0.jar:/home/s/.m2/repository/org/apache/maven/reporting/maven-reporting-api/3.0/maven-reporting-api-3.0.jar:/home/s/.m2/repository/org/apache/maven/reporting/maven-reporting-impl/2.3/maven-reporting-impl-2.3.jar:/home/s/.m2/repository/org/apache/maven/shared/maven-shared-utils/0.6/maven-shared-utils-0.6.jar:/home/s/.m2/repository/org/apache/maven/doxia/doxia-core/1.2/doxia-core-1.2.jar:/home/s/.m2/repository/xerces/xercesImpl/2.9.1/xercesImpl-2.9.1.jar:/home/s/.m2/repository/xml-apis/xml-apis/1.3.04/xml-apis-1.3.04.jar:/home/s/.m2/repository/org/apache/httpcomponents/httpclient/4.0.2/httpclient-4.0.2.jar:/home/s/.m2/repository/org/apache/httpcomponents/httpcore/4.0.1/httpcore-4.0.1.jar:/home/s/.m2/repository/commons-codec/commons-codec/1.3/commons-codec-1.3.jar:/home/s/.m2/repository/commons-validator/commons-validator/1.3.1/commons-validator-1.3.1.jar:/home/s/.m2/repository/commons-digester/commons-digester/1.6/commons-digester-1.6.jar:/home/s/.m2/repository/commons-logging/commons-logging/1.0.4/commons-logging-1.0.4.jar:/home/s/.m2/repository/org/apache/maven/doxia/doxia-sink-api/1.4/doxia-sink-api-1.4.jar:/home/s/.m2/repository/org/apache/maven/doxia/doxia-logging-api/1.4/doxia-logging-api-1.4.jar:/home/s/.m2/repository/org/apache/maven/doxia/doxia-decoration-model/1.4/doxia-decoration-model-1.4.jar:/home/s/.m2/repository/org/apache/maven/doxia/doxia-site-renderer/1.4/doxia-site-renderer-1.4.jar:/home/s/.m2/repository/org/apache/maven/doxia/doxia-module-xhtml/1.4/doxia-module-xhtml-1.4.jar:/home/s/.m2/repository/org/apache/maven/doxia/doxia-module-fml/1.4/doxia-module-fml-1.4.jar:/home/s/.m2/repository/org/codehaus/plexus/plexus-i18n/1.0-beta-7/plexus-i18n-1.0-beta-7.jar:/home/s/.m2/repository/org/apache/velocity/velocity-tools/2.0/velocity-tools-2.0.jar:/home/s/.m2/repository/commons-chain/commons-chain/1.1/commons-chain-1.1.jar:/home/s/.m2/repository/dom4j/dom4j/1.1/dom4j-1.1.jar:/home/s/.m2/repository/oro/oro/2.0.8/oro-2.0.8.jar:/home/s/.m2/repository/sslext/sslext/1.2-0/sslext-1.2-0.jar:/home/s/.m2/repository/org/apache/struts/struts-core/1.3.8/struts-core-1.3.8.jar:/home/s/.m2/repository/org/apache/struts/struts-taglib/1.3.8/struts-taglib-1.3.8.jar:/home/s/.m2/repository/org/apache/struts/struts-tiles/1.3.8/struts-tiles-1.3.8.jar:/home/s/.m2/repository/org/apache/maven/doxia/doxia-integration-tools/1.6/doxia-integration-tools-1.6.jar:/home/s/.m2/repository/commons-io/commons-io/1.4/commons-io-1.4.jar:/home/s/.m2/repository/org/codehaus/plexus/plexus-container-default/1.0-alpha-9/plexus-container-default-1.0-alpha-9.jar:/home/s/.m2/repository/classworlds/classworlds/1.1-alpha-2/classworlds-1.1-alpha-2.jar:/home/s/.m2/repository/org/codehaus/plexus/plexus-component-annotations/2.0.0/plexus-component-annotations-2.0.0.jar:/home/s/.m2/repository/org/codehaus/plexus/plexus-resources/1.1.0/plexus-resources-1.1.0.jar:/home/s/.m2/repository/org/codehaus/plexus/plexus-utils/3.3.0/plexus-utils-3.3.0.jar:/home/s/.m2/repository/org/codehaus/plexus/plexus-interpolation/1.26/plexus-interpolation-1.26.jar:/home/s/.m2/repository/org/codehaus/plexus/plexus-velocity/1.2/plexus-velocity-1.2.jar:/home/s/.m2/repository/com/puppycrawl/tools/checkstyle/8.29/checkstyle-8.29.jar:/home/s/.m2/repository/info/picocli/picocli/4.1.4/picocli-4.1.4.jar:/home/s/.m2/repository/org/antlr/antlr4-runtime/4.8-1/antlr4-runtime-4.8-1.jar:/home/s/.m2/repository/commons-beanutils/commons-beanutils/1.9.4/commons-beanutils-1.9.4.jar:/home/s/.m2/repository/net/sf/saxon/Saxon-HE/9.9.1-6/Saxon-HE-9.9.1-6.jar:/home/s/.m2/repository/org/apache/velocity/velocity/1.7/velocity-1.7.jar:/home/s/.m2/repository/commons-lang/commons-lang/2.4/commons-lang-2.4.jar:/home/s/.m2/repository/commons-collections/commons-collections/3.2.2/commons-collections-3.2.2.jar:/home/s/.m2/repository/com/zaxxer/HikariCP/3.4.5/HikariCP-3.4.5.jar:/home/s/.m2/repository/javax/servlet/jstl/1.2/jstl-1.2.jar:/home/s/.m2/repository/mysql/mysql-connector-java/8.0.20/mysql-connector-java-8.0.20.jar:/home/s/.m2/repository/com/google/protobuf/protobuf-java/3.6.1/protobuf-java-3.6.1.jar:/home/s/.m2/repository/org/seleniumhq/selenium/selenium-java/3.141.59/selenium-java-3.141.59.jar:/home/s/.m2/repository/org/seleniumhq/selenium/selenium-api/3.141.59/selenium-api-3.141.59.jar:/home/s/.m2/repository/org/seleniumhq/selenium/selenium-chrome-driver/3.141.59/selenium-chrome-driver-3.141.59.jar:/home/s/.m2/repository/org/seleniumhq/selenium/selenium-edge-driver/3.141.59/selenium-edge-driver-3.141.59.jar:/home/s/.m2/repository/org/seleniumhq/selenium/selenium-firefox-driver/3.141.59/selenium-firefox-driver-3.141.59.jar:/home/s/.m2/repository/org/seleniumhq/selenium/selenium-ie-driver/3.141.59/selenium-ie-driver-3.141.59.jar:/home/s/.m2/repository/org/seleniumhq/selenium/selenium-opera-driver/3.141.59/selenium-opera-driver-3.141.59.jar:/home/s/.m2/repository/org/seleniumhq/selenium/selenium-remote-driver/3.141.59/selenium-remote-driver-3.141.59.jar:/home/s/.m2/repository/org/seleniumhq/selenium/selenium-safari-driver/3.141.59/selenium-safari-driver-3.141.59.jar:/home/s/.m2/repository/org/seleniumhq/selenium/selenium-support/3.141.59/selenium-support-3.141.59.jar:/home/s/.m2/repository/org/apache/commons/commons-exec/1.3/commons-exec-1.3.jar:/home/s/.m2/repository/com/google/guava/guava/25.0-jre/guava-25.0-jre.jar:/home/s/.m2/repository/com/google/code/findbugs/jsr305/1.3.9/jsr305-1.3.9.jar:/home/s/.m2/repository/org/checkerframework/checker-compat-qual/2.0.0/checker-compat-qual-2.0.0.jar:/home/s/.m2/repository/com/google/errorprone/error_prone_annotations/2.1.3/error_prone_annotations-2.1.3.jar:/home/s/.m2/repository/com/google/j2objc/j2objc-annotations/1.1/j2objc-annotations-1.1.jar:/home/s/.m2/repository/org/codehaus/mojo/animal-sniffer-annotations/1.14/animal-sniffer-annotations-1.14.jar:/home/s/.m2/repository/com/squareup/okhttp3/okhttp/3.11.0/okhttp-3.11.0.jar:/home/s/.m2/repository/com/squareup/okio/okio/1.14.0/okio-1.14.0.jar:/home/s/.m2/repository/com/h2database/h2/1.4.200/h2-1.4.200.jar:/home/s/.m2/repository/org/mockito/mockito-all/1.10.19/mockito-all-1.10.19.jar:/home/s/.m2/repository/org/springframework/spring-jdbc/5.2.6.RELEASE/spring-jdbc-5.2.6.RELEASE.jar:/home/s/.m2/repository/org/springframework/spring-beans/5.2.6.RELEASE/spring-beans-5.2.6.RELEASE.jar:/home/s/.m2/repository/org/springframework/spring-core/5.2.6.RELEASE/spring-core-5.2.6.RELEASE.jar:/home/s/.m2/repository/org/springframework/spring-jcl/5.2.6.RELEASE/spring-jcl-5.2.6.RELEASE.jar:/home/s/.m2/repository/org/springframework/spring-tx/5.2.6.RELEASE/spring-tx-5.2.6.RELEASE.jar:/home/s/.m2/repository/org/springframework/spring-webmvc/5.2.6.RELEASE/spring-webmvc-5.2.6.RELEASE.jar:/home/s/.m2/repository/org/springframework/spring-aop/5.2.6.RELEASE/spring-aop-5.2.6.RELEASE.jar:/home/s/.m2/repository/org/springframework/spring-context/5.2.6.RELEASE/spring-context-5.2.6.RELEASE.jar:/home/s/.m2/repository/org/springframework/spring-expression/5.2.6.RELEASE/spring-expression-5.2.6.RELEASE.jar:/home/s/.m2/repository/org/springframework/spring-web/5.2.6.RELEASE/spring-web-5.2.6.RELEASE.jar:/home/s/.m2/repository/org/springframework/spring-orm/5.2.6.RELEASE/spring-orm-5.2.6.RELEASE.jar:/home/s/.m2/repository/com/querydsl/querydsl-apt/4.2.2/querydsl-apt-4.2.2.jar:/home/s/.m2/repository/com/querydsl/querydsl-codegen/4.2.2/querydsl-codegen-4.2.2.jar:/home/s/.m2/repository/com/mysema/codegen/codegen/0.6.8/codegen-0.6.8.jar:/home/s/.m2/repository/org/eclipse/jdt/core/compiler/ecj/4.3.1/ecj-4.3.1.jar:/home/s/.m2/repository/org/reflections/reflections/0.9.9/reflections-0.9.9.jar:/home/s/.m2/repository/com/google/code/findbugs/annotations/2.0.1/annotations-2.0.1.jar:/home/s/.m2/repository/com/querydsl/querydsl-jpa/4.2.2/querydsl-jpa-4.2.2.jar:/home/s/.m2/repository/com/querydsl/querydsl-core/4.2.2/querydsl-core-4.2.2.jar:/home/s/.m2/repository/com/mysema/commons/mysema-commons-lang/0.2.4/mysema-commons-lang-0.2.4.jar:/home/s/.m2/repository/com/infradna/tool/bridge-method-annotation/1.13/bridge-method-annotation-1.13.jar:/home/s/.m2/repository/javax/inject/javax.inject/1/javax.inject-1.jar:"/>
    <property name="java.vm.vendor" value="Private Build"/>
    <property name="sun.arch.data.model" value="64"/>
    <property name="java.vendor.url" value="http://java.oracle.com/"/>
    <property name="user.timezone" value=""/>
    <property name="java.vm.specification.version" value="1.8"/>
    <property name="os.name" value="Linux"/>
    <property name="user.country" value="US"/>
    <property name="sun.java.launcher" value="SUN_STANDARD"/>
    <property name="sun.boot.library.path" value="/usr/lib/jvm/java-8-openjdk-amd64/jre/lib/amd64"/>
    <property name="sun.java.command" value="/home/s/eclipse-workspace/test-multiModule/computerDatabase/binding/target/surefire/surefirebooter7937520731186054108.jar /home/s/eclipse-workspace/test-multiModule/computerDatabase/binding/target/surefire 2020-07-22T09-47-38_072-jvmRun1 surefire8786871757984904138tmp surefire_15693310009824385294tmp"/>
    <property name="surefire.test.class.path" value="/home/s/eclipse-workspace/test-multiModule/computerDatabase/binding/target/test-classes:/home/s/eclipse-workspace/test-multiModule/computerDatabase/binding/target/classes:/home/s/.m2/repository/junit/junit/4.11/junit-4.11.jar:/home/s/.m2/repository/org/hamcrest/hamcrest-core/1.3/hamcrest-core-1.3.jar:/home/s/eclipse-workspace/test-multiModule/computerDatabase/core/target/core-1.0-SNAPSHOT.jar:/home/s/.m2/repository/org/hibernate/hibernate-core/5.4.18.Final/hibernate-core-5.4.18.Final.jar:/home/s/.m2/repository/org/jboss/logging/jboss-logging/3.3.2.Final/jboss-logging-3.3.2.Final.jar:/home/s/.m2/repository/javax/persistence/javax.persistence-api/2.2/javax.persistence-api-2.2.jar:/home/s/.m2/repository/org/javassist/javassist/3.24.0-GA/javassist-3.24.0-GA.jar:/home/s/.m2/repository/net/bytebuddy/byte-buddy/1.10.10/byte-buddy-1.10.10.jar:/home/s/.m2/repository/antlr/antlr/2.7.7/antlr-2.7.7.jar:/home/s/.m2/repository/org/jboss/spec/javax/transaction/jboss-transaction-api_1.2_spec/1.1.1.Final/jboss-transaction-api_1.2_spec-1.1.1.Final.jar:/home/s/.m2/repository/org/jboss/jandex/2.1.3.Final/jandex-2.1.3.Final.jar:/home/s/.m2/repository/com/fasterxml/classmate/1.5.1/classmate-1.5.1.jar:/home/s/.m2/repository/javax/activation/javax.activation-api/1.2.0/javax.activation-api-1.2.0.jar:/home/s/.m2/repository/org/dom4j/dom4j/2.1.3/dom4j-2.1.3.jar:/home/s/.m2/repository/org/hibernate/common/hibernate-commons-annotations/5.1.0.Final/hibernate-commons-annotations-5.1.0.Final.jar:/home/s/.m2/repository/javax/xml/bind/jaxb-api/2.3.1/jaxb-api-2.3.1.jar:/home/s/.m2/repository/org/glassfish/jaxb/jaxb-runtime/2.3.1/jaxb-runtime-2.3.1.jar:/home/s/.m2/repository/org/glassfish/jaxb/txw2/2.3.1/txw2-2.3.1.jar:/home/s/.m2/repository/com/sun/istack/istack-commons-runtime/3.0.7/istack-commons-runtime-3.0.7.jar:/home/s/.m2/repository/org/jvnet/staxex/stax-ex/1.8/stax-ex-1.8.jar:/home/s/.m2/repository/com/sun/xml/fastinfoset/FastInfoset/1.2.15/FastInfoset-1.2.15.jar:/home/s/.m2/repository/org/slf4j/slf4j-simple/1.7.30/slf4j-simple-1.7.30.jar:/home/s/.m2/repository/org/slf4j/slf4j-api/1.7.30/slf4j-api-1.7.30.jar:/home/s/.m2/repository/javax/servlet/javax.servlet-api/4.0.1/javax.servlet-api-4.0.1.jar:/home/s/.m2/repository/org/apache/maven/plugins/maven-checkstyle-plugin/3.1.1/maven-checkstyle-plugin-3.1.1.jar:/home/s/.m2/repository/org/apache/maven/maven-artifact/3.0/maven-artifact-3.0.jar:/home/s/.m2/repository/org/apache/maven/maven-core/3.0/maven-core-3.0.jar:/home/s/.m2/repository/org/apache/maven/maven-settings/3.0/maven-settings-3.0.jar:/home/s/.m2/repository/org/apache/maven/maven-settings-builder/3.0/maven-settings-builder-3.0.jar:/home/s/.m2/repository/org/apache/maven/maven-repository-metadata/3.0/maven-repository-metadata-3.0.jar:/home/s/.m2/repository/org/apache/maven/maven-model-builder/3.0/maven-model-builder-3.0.jar:/home/s/.m2/repository/org/apache/maven/maven-aether-provider/3.0/maven-aether-provider-3.0.jar:/home/s/.m2/repository/org/sonatype/aether/aether-impl/1.7/aether-impl-1.7.jar:/home/s/.m2/repository/org/sonatype/aether/aether-spi/1.7/aether-spi-1.7.jar:/home/s/.m2/repository/org/sonatype/aether/aether-api/1.7/aether-api-1.7.jar:/home/s/.m2/repository/org/sonatype/aether/aether-util/1.7/aether-util-1.7.jar:/home/s/.m2/repository/org/sonatype/sisu/sisu-inject-plexus/1.4.2/sisu-inject-plexus-1.4.2.jar:/home/s/.m2/repository/org/sonatype/sisu/sisu-inject-bean/1.4.2/sisu-inject-bean-1.4.2.jar:/home/s/.m2/repository/org/sonatype/sisu/sisu-guice/2.1.7/sisu-guice-2.1.7-noaop.jar:/home/s/.m2/repository/org/codehaus/plexus/plexus-classworlds/2.2.3/plexus-classworlds-2.2.3.jar:/home/s/.m2/repository/org/sonatype/plexus/plexus-sec-dispatcher/1.3/plexus-sec-dispatcher-1.3.jar:/home/s/.m2/repository/org/sonatype/plexus/plexus-cipher/1.4/plexus-cipher-1.4.jar:/home/s/.m2/repository/org/apache/maven/maven-model/3.0/maven-model-3.0.jar:/home/s/.m2/repository/org/apache/maven/maven-plugin-api/3.0/maven-plugin-api-3.0.jar:/home/s/.m2/repository/org/apache/maven/reporting/maven-reporting-api/3.0/maven-reporting-api-3.0.jar:/home/s/.m2/repository/org/apache/maven/reporting/maven-reporting-impl/2.3/maven-reporting-impl-2.3.jar:/home/s/.m2/repository/org/apache/maven/shared/maven-shared-utils/0.6/maven-shared-utils-0.6.jar:/home/s/.m2/repository/org/apache/maven/doxia/doxia-core/1.2/doxia-core-1.2.jar:/home/s/.m2/repository/xerces/xercesImpl/2.9.1/xercesImpl-2.9.1.jar:/home/s/.m2/repository/xml-apis/xml-apis/1.3.04/xml-apis-1.3.04.jar:/home/s/.m2/repository/org/apache/httpcomponents/httpclient/4.0.2/httpclient-4.0.2.jar:/home/s/.m2/repository/org/apache/httpcomponents/httpcore/4.0.1/httpcore-4.0.1.jar:/home/s/.m2/repository/commons-codec/commons-codec/1.3/commons-codec-1.3.jar:/home/s/.m2/repository/commons-validator/commons-validator/1.3.1/commons-validator-1.3.1.jar:/home/s/.m2/repository/commons-digester/commons-digester/1.6/commons-digester-1.6.jar:/home/s/.m2/repository/commons-logging/commons-logging/1.0.4/commons-logging-1.0.4.jar:/home/s/.m2/repository/org/apache/maven/doxia/doxia-sink-api/1.4/doxia-sink-api-1.4.jar:/home/s/.m2/repository/org/apache/maven/doxia/doxia-logging-api/1.4/doxia-logging-api-1.4.jar:/home/s/.m2/repository/org/apache/maven/doxia/doxia-decoration-model/1.4/doxia-decoration-model-1.4.jar:/home/s/.m2/repository/org/apache/maven/doxia/doxia-site-renderer/1.4/doxia-site-renderer-1.4.jar:/home/s/.m2/repository/org/apache/maven/doxia/doxia-module-xhtml/1.4/doxia-module-xhtml-1.4.jar:/home/s/.m2/repository/org/apache/maven/doxia/doxia-module-fml/1.4/doxia-module-fml-1.4.jar:/home/s/.m2/repository/org/codehaus/plexus/plexus-i18n/1.0-beta-7/plexus-i18n-1.0-beta-7.jar:/home/s/.m2/repository/org/apache/velocity/velocity-tools/2.0/velocity-tools-2.0.jar:/home/s/.m2/repository/commons-chain/commons-chain/1.1/commons-chain-1.1.jar:/home/s/.m2/repository/dom4j/dom4j/1.1/dom4j-1.1.jar:/home/s/.m2/repository/oro/oro/2.0.8/oro-2.0.8.jar:/home/s/.m2/repository/sslext/sslext/1.2-0/sslext-1.2-0.jar:/home/s/.m2/repository/org/apache/struts/struts-core/1.3.8/struts-core-1.3.8.jar:/home/s/.m2/repository/org/apache/struts/struts-taglib/1.3.8/struts-taglib-1.3.8.jar:/home/s/.m2/repository/org/apache/struts/struts-tiles/1.3.8/struts-tiles-1.3.8.jar:/home/s/.m2/repository/org/apache/maven/doxia/doxia-integration-tools/1.6/doxia-integration-tools-1.6.jar:/home/s/.m2/repository/commons-io/commons-io/1.4/commons-io-1.4.jar:/home/s/.m2/repository/org/codehaus/plexus/plexus-container-default/1.0-alpha-9/plexus-container-default-1.0-alpha-9.jar:/home/s/.m2/repository/classworlds/classworlds/1.1-alpha-2/classworlds-1.1-alpha-2.jar:/home/s/.m2/repository/org/codehaus/plexus/plexus-component-annotations/2.0.0/plexus-component-annotations-2.0.0.jar:/home/s/.m2/repository/org/codehaus/plexus/plexus-resources/1.1.0/plexus-resources-1.1.0.jar:/home/s/.m2/repository/org/codehaus/plexus/plexus-utils/3.3.0/plexus-utils-3.3.0.jar:/home/s/.m2/repository/org/codehaus/plexus/plexus-interpolation/1.26/plexus-interpolation-1.26.jar:/home/s/.m2/repository/org/codehaus/plexus/plexus-velocity/1.2/plexus-velocity-1.2.jar:/home/s/.m2/repository/com/puppycrawl/tools/checkstyle/8.29/checkstyle-8.29.jar:/home/s/.m2/repository/info/picocli/picocli/4.1.4/picocli-4.1.4.jar:/home/s/.m2/repository/org/antlr/antlr4-runtime/4.8-1/antlr4-runtime-4.8-1.jar:/home/s/.m2/repository/commons-beanutils/commons-beanutils/1.9.4/commons-beanutils-1.9.4.jar:/home/s/.m2/repository/net/sf/saxon/Saxon-HE/9.9.1-6/Saxon-HE-9.9.1-6.jar:/home/s/.m2/repository/org/apache/velocity/velocity/1.7/velocity-1.7.jar:/home/s/.m2/repository/commons-lang/commons-lang/2.4/commons-lang-2.4.jar:/home/s/.m2/repository/commons-collections/commons-collections/3.2.2/commons-collections-3.2.2.jar:/home/s/.m2/repository/com/zaxxer/HikariCP/3.4.5/HikariCP-3.4.5.jar:/home/s/.m2/repository/javax/servlet/jstl/1.2/jstl-1.2.jar:/home/s/.m2/repository/mysql/mysql-connector-java/8.0.20/mysql-connector-java-8.0.20.jar:/home/s/.m2/repository/com/google/protobuf/protobuf-java/3.6.1/protobuf-java-3.6.1.jar:/home/s/.m2/repository/org/seleniumhq/selenium/selenium-java/3.141.59/selenium-java-3.141.59.jar:/home/s/.m2/repository/org/seleniumhq/selenium/selenium-api/3.141.59/selenium-api-3.141.59.jar:/home/s/.m2/repository/org/seleniumhq/selenium/selenium-chrome-driver/3.141.59/selenium-chrome-driver-3.141.59.jar:/home/s/.m2/repository/org/seleniumhq/selenium/selenium-edge-driver/3.141.59/selenium-edge-driver-3.141.59.jar:/home/s/.m2/repository/org/seleniumhq/selenium/selenium-firefox-driver/3.141.59/selenium-firefox-driver-3.141.59.jar:/home/s/.m2/repository/org/seleniumhq/selenium/selenium-ie-driver/3.141.59/selenium-ie-driver-3.141.59.jar:/home/s/.m2/repository/org/seleniumhq/selenium/selenium-opera-driver/3.141.59/selenium-opera-driver-3.141.59.jar:/home/s/.m2/repository/org/seleniumhq/selenium/selenium-remote-driver/3.141.59/selenium-remote-driver-3.141.59.jar:/home/s/.m2/repository/org/seleniumhq/selenium/selenium-safari-driver/3.141.59/selenium-safari-driver-3.141.59.jar:/home/s/.m2/repository/org/seleniumhq/selenium/selenium-support/3.141.59/selenium-support-3.141.59.jar:/home/s/.m2/repository/org/apache/commons/commons-exec/1.3/commons-exec-1.3.jar:/home/s/.m2/repository/com/google/guava/guava/25.0-jre/guava-25.0-jre.jar:/home/s/.m2/repository/com/google/code/findbugs/jsr305/1.3.9/jsr305-1.3.9.jar:/home/s/.m2/repository/org/checkerframework/checker-compat-qual/2.0.0/checker-compat-qual-2.0.0.jar:/home/s/.m2/repository/com/google/errorprone/error_prone_annotations/2.1.3/error_prone_annotations-2.1.3.jar:/home/s/.m2/repository/com/google/j2objc/j2objc-annotations/1.1/j2objc-annotations-1.1.jar:/home/s/.m2/repository/org/codehaus/mojo/animal-sniffer-annotations/1.14/animal-sniffer-annotations-1.14.jar:/home/s/.m2/repository/com/squareup/okhttp3/okhttp/3.11.0/okhttp-3.11.0.jar:/home/s/.m2/repository/com/squareup/okio/okio/1.14.0/okio-1.14.0.jar:/home/s/.m2/repository/com/h2database/h2/1.4.200/h2-1.4.200.jar:/home/s/.m2/repository/org/mockito/mockito-all/1.10.19/mockito-all-1.10.19.jar:/home/s/.m2/repository/org/springframework/spring-jdbc/5.2.6.RELEASE/spring-jdbc-5.2.6.RELEASE.jar:/home/s/.m2/repository/org/springframework/spring-beans/5.2.6.RELEASE/spring-beans-5.2.6.RELEASE.jar:/home/s/.m2/repository/org/springframework/spring-core/5.2.6.RELEASE/spring-core-5.2.6.RELEASE.jar:/home/s/.m2/repository/org/springframework/spring-jcl/5.2.6.RELEASE/spring-jcl-5.2.6.RELEASE.jar:/home/s/.m2/repository/org/springframework/spring-tx/5.2.6.RELEASE/spring-tx-5.2.6.RELEASE.jar:/home/s/.m2/repository/org/springframework/spring-webmvc/5.2.6.RELEASE/spring-webmvc-5.2.6.RELEASE.jar:/home/s/.m2/repository/org/springframework/spring-aop/5.2.6.RELEASE/spring-aop-5.2.6.RELEASE.jar:/home/s/.m2/repository/org/springframework/spring-context/5.2.6.RELEASE/spring-context-5.2.6.RELEASE.jar:/home/s/.m2/repository/org/springframework/spring-expression/5.2.6.RELEASE/spring-expression-5.2.6.RELEASE.jar:/home/s/.m2/repository/org/springframework/spring-web/5.2.6.RELEASE/spring-web-5.2.6.RELEASE.jar:/home/s/.m2/repository/org/springframework/spring-orm/5.2.6.RELEASE/spring-orm-5.2.6.RELEASE.jar:/home/s/.m2/repository/com/querydsl/querydsl-apt/4.2.2/querydsl-apt-4.2.2.jar:/home/s/.m2/repository/com/querydsl/querydsl-codegen/4.2.2/querydsl-codegen-4.2.2.jar:/home/s/.m2/repository/com/mysema/codegen/codegen/0.6.8/codegen-0.6.8.jar:/home/s/.m2/repository/org/eclipse/jdt/core/compiler/ecj/4.3.1/ecj-4.3.1.jar:/home/s/.m2/repository/org/reflections/reflections/0.9.9/reflections-0.9.9.jar:/home/s/.m2/repository/com/google/code/findbugs/annotations/2.0.1/annotations-2.0.1.jar:/home/s/.m2/repository/com/querydsl/querydsl-jpa/4.2.2/querydsl-jpa-4.2.2.jar:/home/s/.m2/repository/com/querydsl/querydsl-core/4.2.2/querydsl-core-4.2.2.jar:/home/s/.m2/repository/com/mysema/commons/mysema-commons-lang/0.2.4/mysema-commons-lang-0.2.4.jar:/home/s/.m2/repository/com/infradna/tool/bridge-method-annotation/1.13/bridge-method-annotation-1.13.jar:/home/s/.m2/repository/javax/inject/javax.inject/1/javax.inject-1.jar:"/>
    <property name="sun.cpu.endian" value="little"/>
    <property name="user.home" value="/home/s"/>
    <property name="user.language" value="en"/>
    <property name="java.specification.vendor" value="Oracle Corporation"/>
    <property name="java.home" value="/usr/lib/jvm/java-8-openjdk-amd64/jre"/>
    <property name="basedir" value="/home/s/eclipse-workspace/test-multiModule/computerDatabase/binding"/>
    <property name="file.separator" value="/"/>
    <property name="line.separator" value="&#10;"/>
    <property name="java.vm.specification.vendor" value="Oracle Corporation"/>
    <property name="java.specification.name" value="Java Platform API Specification"/>
    <property name="java.awt.graphicsenv" value="sun.awt.X11GraphicsEnvironment"/>
    <property name="surefire.real.class.path" value="/home/s/eclipse-workspace/test-multiModule/computerDatabase/binding/target/surefire/surefirebooter7937520731186054108.jar"/>
    <property name="sun.boot.class.path" value="/usr/lib/jvm/java-8-openjdk-amd64/jre/lib/resources.jar:/usr/lib/jvm/java-8-openjdk-amd64/jre/lib/rt.jar:/usr/lib/jvm/java-8-openjdk-amd64/jre/lib/sunrsasign.jar:/usr/lib/jvm/java-8-openjdk-amd64/jre/lib/jsse.jar:/usr/lib/jvm/java-8-openjdk-amd64/jre/lib/jce.jar:/usr/lib/jvm/java-8-openjdk-amd64/jre/lib/charsets.jar:/usr/lib/jvm/java-8-openjdk-amd64/jre/lib/jfr.jar:/usr/lib/jvm/java-8-openjdk-amd64/jre/classes"/>
    <property name="sun.management.compiler" value="HotSpot 64-Bit Tiered Compilers"/>
    <property name="java.runtime.version" value="1.8.0_252-8u252-b09-1~18.04-b09"/>
    <property name="user.name" value="s"/>
    <property name="path.separator" value=":"/>
    <property name="os.version" value="5.3.0-62-generic"/>
    <property name="java.endorsed.dirs" value="/usr/lib/jvm/java-8-openjdk-amd64/jre/lib/endorsed"/>
    <property name="java.runtime.name" value="OpenJDK Runtime Environment"/>
    <property name="file.encoding" value="UTF-8"/>
    <property name="java.vm.name" value="OpenJDK 64-Bit Server VM"/>
    <property name="localRepository" value="/home/s/.m2/repository"/>
    <property name="java.vendor.url.bug" value="http://bugreport.sun.com/bugreport/"/>
    <property name="java.io.tmpdir" value="/tmp"/>
    <property name="java.version" value="1.8.0_252"/>
    <property name="user.dir" value="/home/s/eclipse-workspace/test-multiModule/computerDatabase/binding"/>
    <property name="os.arch" value="amd64"/>
    <property name="java.vm.specification.name" value="Java Virtual Machine Specification"/>
    <property name="java.awt.printerjob" value="sun.print.PSPrinterJob"/>
    <property name="sun.os.patch.level" value="unknown"/>
    <property name="java.library.path" value="/usr/java/packages/lib/amd64:/usr/lib/x86_64-linux-gnu/jni:/lib/x86_64-linux-gnu:/usr/lib/x86_64-linux-gnu:/usr/lib/jni:/lib:/usr/lib"/>
    <property name="java.vm.info" value="mixed mode"/>
    <property name="java.vendor" value="Private Build"/>
    <property name="java.vm.version" value="25.252-b09"/>
    <property name="java.ext.dirs" value="/usr/lib/jvm/java-8-openjdk-amd64/jre/lib/ext:/usr/java/packages/lib/ext"/>
    <property name="sun.io.unicode.encoding" value="UnicodeLittle"/>
    <property name="java.class.version" value="52.0"/>
  </properties>
  <testcase name="shouldAnswerWithTrue" classname="com.excilys.computerDatabase.AppTest" time="0.001"/>
</testsuite>